{"/Users/hoefft/dev/git/gbif/portal16/app/views/shared/layout/main/main.spec.js":{"path":"/Users/hoefft/dev/git/gbif/portal16/app/views/shared/layout/main/main.spec.js","s":{"1":1,"2":1,"3":1,"4":1,"5":1},"b":{},"f":{"1":1,"2":1,"3":1},"fnMap":{"1":{"name":"(anonymous_1)","line":4,"loc":{"start":{"line":4,"column":17},"end":{"line":4,"column":28}}},"2":{"name":"(anonymous_2)","line":5,"loc":{"start":{"line":5,"column":27},"end":{"line":5,"column":38}}},"3":{"name":"(anonymous_3)","line":6,"loc":{"start":{"line":6,"column":48},"end":{"line":6,"column":58}}}},"statementMap":{"1":{"start":{"line":1,"column":0},"end":{"line":1,"column":36}},"2":{"start":{"line":4,"column":0},"end":{"line":12,"column":3}},"3":{"start":{"line":5,"column":4},"end":{"line":11,"column":7}},"4":{"start":{"line":6,"column":8},"end":{"line":10,"column":11}},"5":{"start":{"line":7,"column":12},"end":{"line":7,"column":40}}},"branchMap":{}}}